<?xml version="1.0" encoding="UTF-8"?>
<testng-results ignored="0" total="17" passed="13" failed="4" skipped="0">
  <reporter-output>
  </reporter-output>
  <suite started-at="2022-06-12T07:29:35Z" name="Suite" finished-at="2022-06-12T07:31:51Z" duration-ms="135598">
    <groups>
    </groups>
    <test started-at="2022-06-12T07:29:35Z" name="Test" finished-at="2022-06-12T07:31:51Z" duration-ms="135598">
      <class name="webAutomation.portofolio.negative_case.AddAddress">
        <test-method is-config="true" signature="createChromeDriver()[pri:0, instance:webAutomation.portofolio.negative_case.AddAddress@5717c37]" started-at="2022-06-12T07:29:35Z" name="createChromeDriver" finished-at="2022-06-12T07:30:07Z" duration-ms="31604" status="PASS">
          <reporter-output>
          </reporter-output>
        </test-method> <!-- createChromeDriver -->
        <test-method is-config="true" signature="createChromeDriver()[pri:0, instance:webAutomation.portofolio.negative_case.AddAddress@5717c37]" started-at="2022-06-12T07:29:56Z" name="createChromeDriver" finished-at="2022-06-12T07:30:07Z" duration-ms="10645" status="PASS">
          <reporter-output>
          </reporter-output>
        </test-method> <!-- createChromeDriver -->
        <test-method is-config="true" signature="createChromeDriver()[pri:0, instance:webAutomation.portofolio.negative_case.AddAddress@5717c37]" started-at="2022-06-12T07:29:56Z" name="createChromeDriver" finished-at="2022-06-12T07:30:07Z" duration-ms="10614" status="PASS">
          <reporter-output>
          </reporter-output>
        </test-method> <!-- createChromeDriver -->
        <test-method is-config="true" signature="createChromeDriver()[pri:0, instance:webAutomation.portofolio.negative_case.AddAddress@5717c37]" started-at="2022-06-12T07:29:56Z" name="createChromeDriver" finished-at="2022-06-12T07:30:21Z" duration-ms="25419" status="PASS">
          <reporter-output>
          </reporter-output>
        </test-method> <!-- createChromeDriver -->
        <test-method signature="user_add_address_with_postalCode_exceed_maximum_character()[pri:0, instance:webAutomation.portofolio.negative_case.AddAddress@5717c37]" started-at="2022-06-12T07:30:07Z" name="user_add_address_with_postalCode_exceed_maximum_character" finished-at="2022-06-12T07:30:12Z" duration-ms="5900" status="FAIL">
          <exception class="org.openqa.selenium.NoSuchElementException">
            <message>
              <![CDATA[no such element: Unable to locate element: {"method":"xpath","selector":"//ul[@class='list-unstyled']//a[contains(text(),'Address Book')]"}
  (Session info: headless chrome=102.0.5005.61)
For documentation on this error, please visit: https://selenium.dev/exceptions/#no_such_element
Build info: version: '4.0.0-beta-3', revision: '5d108f9a67'
System info: host: '192.168.1.10', ip: '192.168.1.10', os.name: 'Mac OS X', os.arch: 'x86_64', os.version: '10.14.6', java.version: '17.0.1'
Driver info: org.openqa.selenium.chrome.ChromeDriver
Command: [45fc991a2fe824949f92626debacb49b, findElement {using=xpath, value=//ul[@class='list-unstyled']//a[contains(text(),'Address Book')]}]
Capabilities {acceptInsecureCerts: false, browserName: chrome, browserVersion: 102.0.5005.61, chrome: {chromedriverVersion: 102.0.5005.61 (0e59bcc00cc4..., userDataDir: /var/folders/s7/1f4d8wmn1v3...}, goog:chromeOptions: {debuggerAddress: localhost:64336}, javascriptEnabled: true, networkConnectionEnabled: false, pageLoadStrategy: normal, platform: MAC, platformName: MAC, proxy: Proxy(), se:cdp: ws://localhost:64336/devtoo..., se:cdpVersion: 102.0.5005.61, setWindowRect: true, strictFileInteractability: false, timeouts: {implicit: 0, pageLoad: 300000, script: 30000}, unhandledPromptBehavior: dismiss and notify, webauthn:extension:credBlob: true, webauthn:extension:largeBlob: true, webauthn:virtualAuthenticators: true}
Session ID: 45fc991a2fe824949f92626debacb49b]]>
            </message>
            <full-stacktrace>
              <![CDATA[org.openqa.selenium.NoSuchElementException: no such element: Unable to locate element: {"method":"xpath","selector":"//ul[@class='list-unstyled']//a[contains(text(),'Address Book')]"}
  (Session info: headless chrome=102.0.5005.61)
For documentation on this error, please visit: https://selenium.dev/exceptions/#no_such_element
Build info: version: '4.0.0-beta-3', revision: '5d108f9a67'
System info: host: '192.168.1.10', ip: '192.168.1.10', os.name: 'Mac OS X', os.arch: 'x86_64', os.version: '10.14.6', java.version: '17.0.1'
Driver info: org.openqa.selenium.chrome.ChromeDriver
Command: [45fc991a2fe824949f92626debacb49b, findElement {using=xpath, value=//ul[@class='list-unstyled']//a[contains(text(),'Address Book')]}]
Capabilities {acceptInsecureCerts: false, browserName: chrome, browserVersion: 102.0.5005.61, chrome: {chromedriverVersion: 102.0.5005.61 (0e59bcc00cc4..., userDataDir: /var/folders/s7/1f4d8wmn1v3...}, goog:chromeOptions: {debuggerAddress: localhost:64336}, javascriptEnabled: true, networkConnectionEnabled: false, pageLoadStrategy: normal, platform: MAC, platformName: MAC, proxy: Proxy(), se:cdp: ws://localhost:64336/devtoo..., se:cdpVersion: 102.0.5005.61, setWindowRect: true, strictFileInteractability: false, timeouts: {implicit: 0, pageLoad: 300000, script: 30000}, unhandledPromptBehavior: dismiss and notify, webauthn:extension:credBlob: true, webauthn:extension:largeBlob: true, webauthn:virtualAuthenticators: true}
Session ID: 45fc991a2fe824949f92626debacb49b
at java.base/jdk.internal.reflect.NativeConstructorAccessorImpl.newInstance0(Native Method)
at java.base/jdk.internal.reflect.NativeConstructorAccessorImpl.newInstance(NativeConstructorAccessorImpl.java:77)
at java.base/jdk.internal.reflect.DelegatingConstructorAccessorImpl.newInstance(DelegatingConstructorAccessorImpl.java:45)
at java.base/java.lang.reflect.Constructor.newInstanceWithCaller(Constructor.java:499)
at java.base/java.lang.reflect.Constructor.newInstance(Constructor.java:480)
at org.openqa.selenium.remote.codec.w3c.W3CHttpResponseCodec.createException(W3CHttpResponseCodec.java:198)
at org.openqa.selenium.remote.codec.w3c.W3CHttpResponseCodec.decode(W3CHttpResponseCodec.java:131)
at org.openqa.selenium.remote.codec.w3c.W3CHttpResponseCodec.decode(W3CHttpResponseCodec.java:52)
at org.openqa.selenium.remote.HttpCommandExecutor.execute(HttpCommandExecutor.java:184)
at org.openqa.selenium.remote.service.DriverCommandExecutor.invokeExecute(DriverCommandExecutor.java:153)
at org.openqa.selenium.remote.service.DriverCommandExecutor.execute(DriverCommandExecutor.java:128)
at org.openqa.selenium.remote.RemoteWebDriver.execute(RemoteWebDriver.java:619)
at org.openqa.selenium.remote.RemoteWebDriver$Mechanism$2.findElement(RemoteWebDriver.java:1258)
at org.openqa.selenium.remote.RemoteWebDriver.findElement(RemoteWebDriver.java:386)
at org.openqa.selenium.remote.RemoteWebDriver.findElement(RemoteWebDriver.java:380)
at org.openqa.selenium.support.pagefactory.DefaultElementLocator.findElement(DefaultElementLocator.java:70)
at org.openqa.selenium.support.pagefactory.internal.LocatingElementHandler.invoke(LocatingElementHandler.java:39)
at jdk.proxy2/jdk.proxy2.$Proxy26.click(Unknown Source)
at webAutomation.portofolio.AddressPage.ClickAddressBook(AddressPage.java:103)
at webAutomation.portofolio.negative_case.AddAddress.user_add_address_with_postalCode_exceed_maximum_character(AddAddress.java:79)
at java.base/jdk.internal.reflect.NativeMethodAccessorImpl.invoke0(Native Method)
at java.base/jdk.internal.reflect.NativeMethodAccessorImpl.invoke(NativeMethodAccessorImpl.java:77)
at java.base/jdk.internal.reflect.DelegatingMethodAccessorImpl.invoke(DelegatingMethodAccessorImpl.java:43)
at java.base/java.lang.reflect.Method.invoke(Method.java:568)
at org.testng.internal.MethodInvocationHelper.invokeMethod(MethodInvocationHelper.java:124)
at org.testng.internal.Invoker.invokeMethod(Invoker.java:583)
at org.testng.internal.Invoker.invokeTestMethod(Invoker.java:719)
at org.testng.internal.Invoker.invokeTestMethods(Invoker.java:989)
at org.testng.internal.TestMethodWorker.invokeTestMethods(TestMethodWorker.java:125)
at org.testng.internal.TestMethodWorker.run(TestMethodWorker.java:109)
at java.base/java.util.concurrent.ThreadPoolExecutor.runWorker(ThreadPoolExecutor.java:1136)
at java.base/java.util.concurrent.ThreadPoolExecutor$Worker.run(ThreadPoolExecutor.java:635)
at java.base/java.lang.Thread.run(Thread.java:833)
]]>
            </full-stacktrace>
          </exception> <!-- org.openqa.selenium.NoSuchElementException -->
          <reporter-output>
          </reporter-output>
        </test-method> <!-- user_add_address_with_postalCode_exceed_maximum_character -->
        <test-method signature="user_add_address_with_postalCode_below_minimum_character()[pri:0, instance:webAutomation.portofolio.negative_case.AddAddress@5717c37]" started-at="2022-06-12T07:30:07Z" name="user_add_address_with_postalCode_below_minimum_character" finished-at="2022-06-12T07:30:16Z" duration-ms="9076" status="PASS">
          <reporter-output>
          </reporter-output>
        </test-method> <!-- user_add_address_with_postalCode_below_minimum_character -->
        <test-method signature="user_add_address_with_alphabetical_postalCode()[pri:0, instance:webAutomation.portofolio.negative_case.AddAddress@5717c37]" started-at="2022-06-12T07:30:07Z" name="user_add_address_with_alphabetical_postalCode" finished-at="2022-06-12T07:30:16Z" duration-ms="9302" status="FAIL">
          <exception class="java.lang.AssertionError">
            <full-stacktrace>
              <![CDATA[java.lang.AssertionError: 
at org.testng.AssertJUnit.fail(AssertJUnit.java:59)
at org.testng.AssertJUnit.assertTrue(AssertJUnit.java:24)
at org.testng.AssertJUnit.assertTrue(AssertJUnit.java:33)
at webAutomation.portofolio.negative_case.AddAddress.user_add_address_with_alphabetical_postalCode(AddAddress.java:176)
at java.base/jdk.internal.reflect.NativeMethodAccessorImpl.invoke0(Native Method)
at java.base/jdk.internal.reflect.NativeMethodAccessorImpl.invoke(NativeMethodAccessorImpl.java:77)
at java.base/jdk.internal.reflect.DelegatingMethodAccessorImpl.invoke(DelegatingMethodAccessorImpl.java:43)
at java.base/java.lang.reflect.Method.invoke(Method.java:568)
at org.testng.internal.MethodInvocationHelper.invokeMethod(MethodInvocationHelper.java:124)
at org.testng.internal.Invoker.invokeMethod(Invoker.java:583)
at org.testng.internal.Invoker.invokeTestMethod(Invoker.java:719)
at org.testng.internal.Invoker.invokeTestMethods(Invoker.java:989)
at org.testng.internal.TestMethodWorker.invokeTestMethods(TestMethodWorker.java:125)
at org.testng.internal.TestMethodWorker.run(TestMethodWorker.java:109)
at java.base/java.util.concurrent.ThreadPoolExecutor.runWorker(ThreadPoolExecutor.java:1136)
at java.base/java.util.concurrent.ThreadPoolExecutor$Worker.run(ThreadPoolExecutor.java:635)
at java.base/java.lang.Thread.run(Thread.java:833)
]]>
            </full-stacktrace>
          </exception> <!-- java.lang.AssertionError -->
          <reporter-output>
          </reporter-output>
        </test-method> <!-- user_add_address_with_alphabetical_postalCode -->
        <test-method is-config="true" signature="quitChromeDriver()[pri:0, instance:webAutomation.portofolio.negative_case.AddAddress@5717c37]" started-at="2022-06-12T07:30:12Z" name="quitChromeDriver" finished-at="2022-06-12T07:30:16Z" duration-ms="3682" status="PASS">
          <reporter-output>
          </reporter-output>
        </test-method> <!-- quitChromeDriver -->
        <test-method is-config="true" signature="quitChromeDriver()[pri:0, instance:webAutomation.portofolio.negative_case.AddAddress@5717c37]" started-at="2022-06-12T07:30:16Z" name="quitChromeDriver" finished-at="2022-06-12T07:30:36Z" duration-ms="20524" status="PASS">
          <reporter-output>
          </reporter-output>
        </test-method> <!-- quitChromeDriver -->
        <test-method is-config="true" signature="quitChromeDriver()[pri:0, instance:webAutomation.portofolio.negative_case.AddAddress@5717c37]" started-at="2022-06-12T07:30:16Z" name="quitChromeDriver" finished-at="2022-06-12T07:30:16Z" duration-ms="191" status="PASS">
          <reporter-output>
          </reporter-output>
        </test-method> <!-- quitChromeDriver -->
        <test-method signature="user_add_address_without_input_mandatory_fields()[pri:0, instance:webAutomation.portofolio.negative_case.AddAddress@5717c37]" started-at="2022-06-12T07:30:21Z" name="user_add_address_without_input_mandatory_fields" finished-at="2022-06-12T07:30:31Z" duration-ms="9263" status="FAIL">
          <exception class="org.openqa.selenium.NoSuchElementException">
            <message>
              <![CDATA[Cannot locate option with text: Bristol
For documentation on this error, please visit: https://selenium.dev/exceptions/#no_such_element
Build info: version: '4.0.0-beta-3', revision: '5d108f9a67'
System info: host: '192.168.1.10', ip: '192.168.1.10', os.name: 'Mac OS X', os.arch: 'x86_64', os.version: '10.14.6', java.version: '17.0.1'
Driver info: driver.version: unknown]]>
            </message>
            <full-stacktrace>
              <![CDATA[org.openqa.selenium.NoSuchElementException: Cannot locate option with text: Bristol
For documentation on this error, please visit: https://selenium.dev/exceptions/#no_such_element
Build info: version: '4.0.0-beta-3', revision: '5d108f9a67'
System info: host: '192.168.1.10', ip: '192.168.1.10', os.name: 'Mac OS X', os.arch: 'x86_64', os.version: '10.14.6', java.version: '17.0.1'
Driver info: driver.version: unknown
at org.openqa.selenium.support.ui.Select.selectByVisibleText(Select.java:151)
at webAutomation.portofolio.AddressPage.inputArea(AddressPage.java:99)
at webAutomation.portofolio.negative_case.AddAddress.user_add_address_without_input_mandatory_fields(AddAddress.java:46)
at java.base/jdk.internal.reflect.NativeMethodAccessorImpl.invoke0(Native Method)
at java.base/jdk.internal.reflect.NativeMethodAccessorImpl.invoke(NativeMethodAccessorImpl.java:77)
at java.base/jdk.internal.reflect.DelegatingMethodAccessorImpl.invoke(DelegatingMethodAccessorImpl.java:43)
at java.base/java.lang.reflect.Method.invoke(Method.java:568)
at org.testng.internal.MethodInvocationHelper.invokeMethod(MethodInvocationHelper.java:124)
at org.testng.internal.Invoker.invokeMethod(Invoker.java:583)
at org.testng.internal.Invoker.invokeTestMethod(Invoker.java:719)
at org.testng.internal.Invoker.invokeTestMethods(Invoker.java:989)
at org.testng.internal.TestMethodWorker.invokeTestMethods(TestMethodWorker.java:125)
at org.testng.internal.TestMethodWorker.run(TestMethodWorker.java:109)
at java.base/java.util.concurrent.ThreadPoolExecutor.runWorker(ThreadPoolExecutor.java:1136)
at java.base/java.util.concurrent.ThreadPoolExecutor$Worker.run(ThreadPoolExecutor.java:635)
at java.base/java.lang.Thread.run(Thread.java:833)
]]>
            </full-stacktrace>
          </exception> <!-- org.openqa.selenium.NoSuchElementException -->
          <reporter-output>
          </reporter-output>
        </test-method> <!-- user_add_address_without_input_mandatory_fields -->
        <test-method is-config="true" signature="quitChromeDriver()[pri:0, instance:webAutomation.portofolio.negative_case.AddAddress@5717c37]" started-at="2022-06-12T07:30:31Z" name="quitChromeDriver" finished-at="2022-06-12T07:30:36Z" duration-ms="5605" status="PASS">
          <reporter-output>
          </reporter-output>
        </test-method> <!-- quitChromeDriver -->
      </class> <!-- webAutomation.portofolio.negative_case.AddAddress -->
      <class name="webAutomation.portofolio.negative_case.Login">
        <test-method is-config="true" signature="createChromeDriver()[pri:0, instance:webAutomation.portofolio.negative_case.Login@68f4865]" started-at="2022-06-12T07:30:16Z" name="createChromeDriver" finished-at="2022-06-12T07:30:22Z" duration-ms="6060" status="PASS">
          <reporter-output>
          </reporter-output>
        </test-method> <!-- createChromeDriver -->
        <test-method is-config="true" signature="createChromeDriver()[pri:0, instance:webAutomation.portofolio.negative_case.Login@68f4865]" started-at="2022-06-12T07:30:16Z" name="createChromeDriver" finished-at="2022-06-12T07:30:21Z" duration-ms="5239" status="PASS">
          <reporter-output>
          </reporter-output>
        </test-method> <!-- createChromeDriver -->
        <test-method signature="login_user_with_unregistered_user()[pri:0, instance:webAutomation.portofolio.negative_case.Login@68f4865]" started-at="2022-06-12T07:30:21Z" name="login_user_with_unregistered_user" finished-at="2022-06-12T07:30:27Z" duration-ms="5653" status="PASS">
          <reporter-output>
          </reporter-output>
        </test-method> <!-- login_user_with_unregistered_user -->
        <test-method signature="login_user_with_exceed_login_number_attempt()[pri:0, instance:webAutomation.portofolio.negative_case.Login@68f4865]" started-at="2022-06-12T07:30:22Z" name="login_user_with_exceed_login_number_attempt" finished-at="2022-06-12T07:30:40Z" duration-ms="17553" status="PASS">
          <reporter-output>
          </reporter-output>
        </test-method> <!-- login_user_with_exceed_login_number_attempt -->
        <test-method is-config="true" signature="quitChromeDriver()[pri:0, instance:webAutomation.portofolio.negative_case.Login@68f4865]" started-at="2022-06-12T07:30:27Z" name="quitChromeDriver" finished-at="2022-06-12T07:30:36Z" duration-ms="9316" status="PASS">
          <reporter-output>
          </reporter-output>
        </test-method> <!-- quitChromeDriver -->
        <test-method is-config="true" signature="createChromeDriver()[pri:0, instance:webAutomation.portofolio.negative_case.Login@68f4865]" started-at="2022-06-12T07:30:36Z" name="createChromeDriver" finished-at="2022-06-12T07:30:51Z" duration-ms="14707" status="PASS">
          <reporter-output>
          </reporter-output>
        </test-method> <!-- createChromeDriver -->
        <test-method is-config="true" signature="quitChromeDriver()[pri:0, instance:webAutomation.portofolio.negative_case.Login@68f4865]" started-at="2022-06-12T07:30:40Z" name="quitChromeDriver" finished-at="2022-06-12T07:30:56Z" duration-ms="16685" status="PASS">
          <reporter-output>
          </reporter-output>
        </test-method> <!-- quitChromeDriver -->
        <test-method signature="login_user_with_wrong_password()[pri:0, instance:webAutomation.portofolio.negative_case.Login@68f4865]" started-at="2022-06-12T07:30:51Z" name="login_user_with_wrong_password" finished-at="2022-06-12T07:30:56Z" duration-ms="5481" status="PASS">
          <reporter-output>
          </reporter-output>
        </test-method> <!-- login_user_with_wrong_password -->
        <test-method is-config="true" signature="quitChromeDriver()[pri:0, instance:webAutomation.portofolio.negative_case.Login@68f4865]" started-at="2022-06-12T07:30:56Z" name="quitChromeDriver" finished-at="2022-06-12T07:30:56Z" duration-ms="118" status="PASS">
          <reporter-output>
          </reporter-output>
        </test-method> <!-- quitChromeDriver -->
      </class> <!-- webAutomation.portofolio.negative_case.Login -->
      <class name="webAutomation.portofolio.positive_case.Register">
        <test-method is-config="true" signature="createChromeDriver()[pri:0, instance:webAutomation.portofolio.positive_case.Register@3406472c]" started-at="2022-06-12T07:29:35Z" name="createChromeDriver" finished-at="2022-06-12T07:29:40Z" duration-ms="5507" status="PASS">
          <reporter-output>
          </reporter-output>
        </test-method> <!-- createChromeDriver -->
        <test-method signature="register_user()[pri:0, instance:webAutomation.portofolio.positive_case.Register@3406472c]" started-at="2022-06-12T07:29:41Z" name="register_user" finished-at="2022-06-12T07:29:47Z" duration-ms="6557" status="PASS">
          <reporter-output>
          </reporter-output>
        </test-method> <!-- register_user -->
        <test-method is-config="true" signature="quitChromeDriver()[pri:0, instance:webAutomation.portofolio.positive_case.Register@3406472c]" started-at="2022-06-12T07:29:47Z" name="quitChromeDriver" finished-at="2022-06-12T07:29:56Z" duration-ms="8923" status="PASS">
          <reporter-output>
          </reporter-output>
        </test-method> <!-- quitChromeDriver -->
      </class> <!-- webAutomation.portofolio.positive_case.Register -->
      <class name="webAutomation.portofolio.positive_case.Login">
        <test-method is-config="true" signature="createChromeDriver()[pri:0, instance:webAutomation.portofolio.positive_case.Login@7357a011]" started-at="2022-06-12T07:29:35Z" name="createChromeDriver" finished-at="2022-06-12T07:29:40Z" duration-ms="5455" status="PASS">
          <reporter-output>
          </reporter-output>
        </test-method> <!-- createChromeDriver -->
        <test-method signature="login_user()[pri:0, instance:webAutomation.portofolio.positive_case.Login@7357a011]" started-at="2022-06-12T07:29:41Z" name="login_user" finished-at="2022-06-12T07:29:46Z" duration-ms="5945" status="PASS">
          <reporter-output>
          </reporter-output>
        </test-method> <!-- login_user -->
        <test-method is-config="true" signature="quitChromeDriver()[pri:0, instance:webAutomation.portofolio.positive_case.Login@7357a011]" started-at="2022-06-12T07:29:46Z" name="quitChromeDriver" finished-at="2022-06-12T07:29:56Z" duration-ms="9466" status="PASS">
          <reporter-output>
          </reporter-output>
        </test-method> <!-- quitChromeDriver -->
      </class> <!-- webAutomation.portofolio.positive_case.Login -->
      <class name="webAutomation.portofolio.negative_case.Register">
        <test-method is-config="true" signature="createChromeDriver()[pri:0, instance:webAutomation.portofolio.negative_case.Register@4816278d]" started-at="2022-06-12T07:30:36Z" name="createChromeDriver" finished-at="2022-06-12T07:30:52Z" duration-ms="15383" status="PASS">
          <reporter-output>
          </reporter-output>
        </test-method> <!-- createChromeDriver -->
        <test-method is-config="true" signature="createChromeDriver()[pri:0, instance:webAutomation.portofolio.negative_case.Register@4816278d]" started-at="2022-06-12T07:30:36Z" name="createChromeDriver" finished-at="2022-06-12T07:30:48Z" duration-ms="11929" status="PASS">
          <reporter-output>
          </reporter-output>
        </test-method> <!-- createChromeDriver -->
        <test-method signature="register_user_with_exceed_character_maximum_first_name()[pri:0, instance:webAutomation.portofolio.negative_case.Register@4816278d]" started-at="2022-06-12T07:30:48Z" name="register_user_with_exceed_character_maximum_first_name" finished-at="2022-06-12T07:30:55Z" duration-ms="6997" status="PASS">
          <reporter-output>
          </reporter-output>
        </test-method> <!-- register_user_with_exceed_character_maximum_first_name -->
        <test-method signature="register_user_with_different_confirm_password()[pri:0, instance:webAutomation.portofolio.negative_case.Register@4816278d]" started-at="2022-06-12T07:30:52Z" name="register_user_with_different_confirm_password" finished-at="2022-06-12T07:30:58Z" duration-ms="6609" status="FAIL">
          <exception class="java.lang.AssertionError">
            <message>
              <![CDATA[expected [true] but found [false]]]>
            </message>
            <full-stacktrace>
              <![CDATA[java.lang.AssertionError: expected [true] but found [false]
at org.testng.Assert.fail(Assert.java:96)
at org.testng.Assert.failNotEquals(Assert.java:776)
at org.testng.Assert.assertTrue(Assert.java:44)
at org.testng.Assert.assertTrue(Assert.java:54)
at webAutomation.portofolio.negative_case.Register.register_user_with_different_confirm_password(Register.java:44)
at java.base/jdk.internal.reflect.NativeMethodAccessorImpl.invoke0(Native Method)
at java.base/jdk.internal.reflect.NativeMethodAccessorImpl.invoke(NativeMethodAccessorImpl.java:77)
at java.base/jdk.internal.reflect.DelegatingMethodAccessorImpl.invoke(DelegatingMethodAccessorImpl.java:43)
at java.base/java.lang.reflect.Method.invoke(Method.java:568)
at org.testng.internal.MethodInvocationHelper.invokeMethod(MethodInvocationHelper.java:124)
at org.testng.internal.Invoker.invokeMethod(Invoker.java:583)
at org.testng.internal.Invoker.invokeTestMethod(Invoker.java:719)
at org.testng.internal.Invoker.invokeTestMethods(Invoker.java:989)
at org.testng.internal.TestMethodWorker.invokeTestMethods(TestMethodWorker.java:125)
at org.testng.internal.TestMethodWorker.run(TestMethodWorker.java:109)
at java.base/java.util.concurrent.ThreadPoolExecutor.runWorker(ThreadPoolExecutor.java:1136)
at java.base/java.util.concurrent.ThreadPoolExecutor$Worker.run(ThreadPoolExecutor.java:635)
at java.base/java.lang.Thread.run(Thread.java:833)
]]>
            </full-stacktrace>
          </exception> <!-- java.lang.AssertionError -->
          <reporter-output>
          </reporter-output>
        </test-method> <!-- register_user_with_different_confirm_password -->
        <test-method is-config="true" signature="quitChromeDriver()[pri:0, instance:webAutomation.portofolio.negative_case.Register@4816278d]" started-at="2022-06-12T07:30:55Z" name="quitChromeDriver" finished-at="2022-06-12T07:30:57Z" duration-ms="1274" status="PASS">
          <reporter-output>
          </reporter-output>
        </test-method> <!-- quitChromeDriver -->
        <test-method is-config="true" signature="createChromeDriver()[pri:0, instance:webAutomation.portofolio.negative_case.Register@4816278d]" started-at="2022-06-12T07:30:56Z" name="createChromeDriver" finished-at="2022-06-12T07:31:37Z" duration-ms="40135" status="PASS">
          <reporter-output>
          </reporter-output>
        </test-method> <!-- createChromeDriver -->
        <test-method is-config="true" signature="createChromeDriver()[pri:0, instance:webAutomation.portofolio.negative_case.Register@4816278d]" started-at="2022-06-12T07:30:56Z" name="createChromeDriver" finished-at="2022-06-12T07:31:21Z" duration-ms="24780" status="PASS">
          <reporter-output>
          </reporter-output>
        </test-method> <!-- createChromeDriver -->
        <test-method is-config="true" signature="createChromeDriver()[pri:0, instance:webAutomation.portofolio.negative_case.Register@4816278d]" started-at="2022-06-12T07:30:57Z" name="createChromeDriver" finished-at="2022-06-12T07:31:38Z" duration-ms="41677" status="PASS">
          <reporter-output>
          </reporter-output>
        </test-method> <!-- createChromeDriver -->
        <test-method is-config="true" signature="quitChromeDriver()[pri:0, instance:webAutomation.portofolio.negative_case.Register@4816278d]" started-at="2022-06-12T07:30:58Z" name="quitChromeDriver" finished-at="2022-06-12T07:31:17Z" duration-ms="18282" status="PASS">
          <reporter-output>
          </reporter-output>
        </test-method> <!-- quitChromeDriver -->
        <test-method is-config="true" signature="createChromeDriver()[pri:0, instance:webAutomation.portofolio.negative_case.Register@4816278d]" started-at="2022-06-12T07:31:17Z" name="createChromeDriver" finished-at="2022-06-12T07:31:42Z" duration-ms="25578" status="PASS">
          <reporter-output>
          </reporter-output>
        </test-method> <!-- createChromeDriver -->
        <test-method signature="register_user_with_registered_mail()[pri:0, instance:webAutomation.portofolio.negative_case.Register@4816278d]" started-at="2022-06-12T07:31:21Z" name="register_user_with_registered_mail" finished-at="2022-06-12T07:31:37Z" duration-ms="16046" status="PASS">
          <reporter-output>
          </reporter-output>
        </test-method> <!-- register_user_with_registered_mail -->
        <test-method signature="register_user_with_password_below_minimum_characters()[pri:0, instance:webAutomation.portofolio.negative_case.Register@4816278d]" started-at="2022-06-12T07:31:37Z" name="register_user_with_password_below_minimum_characters" finished-at="2022-06-12T07:31:45Z" duration-ms="8011" status="PASS">
          <reporter-output>
          </reporter-output>
        </test-method> <!-- register_user_with_password_below_minimum_characters -->
        <test-method is-config="true" signature="quitChromeDriver()[pri:0, instance:webAutomation.portofolio.negative_case.Register@4816278d]" started-at="2022-06-12T07:31:37Z" name="quitChromeDriver" finished-at="2022-06-12T07:31:37Z" duration-ms="84" status="PASS">
          <reporter-output>
          </reporter-output>
        </test-method> <!-- quitChromeDriver -->
        <test-method is-config="true" signature="createChromeDriver()[pri:0, instance:webAutomation.portofolio.negative_case.Register@4816278d]" started-at="2022-06-12T07:31:37Z" name="createChromeDriver" finished-at="2022-06-12T07:31:42Z" duration-ms="5046" status="PASS">
          <reporter-output>
          </reporter-output>
        </test-method> <!-- createChromeDriver -->
        <test-method signature="register_user_with_telephone_below_minimum_characters()[pri:0, instance:webAutomation.portofolio.negative_case.Register@4816278d]" started-at="2022-06-12T07:31:38Z" name="register_user_with_telephone_below_minimum_characters" finished-at="2022-06-12T07:31:47Z" duration-ms="8865" status="PASS">
          <reporter-output>
          </reporter-output>
        </test-method> <!-- register_user_with_telephone_below_minimum_characters -->
        <test-method signature="register_user_without_check_terms_condition()[pri:0, instance:webAutomation.portofolio.negative_case.Register@4816278d]" started-at="2022-06-12T07:31:42Z" name="register_user_without_check_terms_condition" finished-at="2022-06-12T07:31:50Z" duration-ms="8258" status="PASS">
          <reporter-output>
          </reporter-output>
        </test-method> <!-- register_user_without_check_terms_condition -->
        <test-method signature="register_user_without_input_first_name()[pri:0, instance:webAutomation.portofolio.negative_case.Register@4816278d]" started-at="2022-06-12T07:31:42Z" name="register_user_without_input_first_name" finished-at="2022-06-12T07:31:50Z" duration-ms="7995" status="PASS">
          <reporter-output>
          </reporter-output>
        </test-method> <!-- register_user_without_input_first_name -->
        <test-method is-config="true" signature="quitChromeDriver()[pri:0, instance:webAutomation.portofolio.negative_case.Register@4816278d]" started-at="2022-06-12T07:31:45Z" name="quitChromeDriver" finished-at="2022-06-12T07:31:45Z" duration-ms="79" status="PASS">
          <reporter-output>
          </reporter-output>
        </test-method> <!-- quitChromeDriver -->
        <test-method is-config="true" signature="quitChromeDriver()[pri:0, instance:webAutomation.portofolio.negative_case.Register@4816278d]" started-at="2022-06-12T07:31:47Z" name="quitChromeDriver" finished-at="2022-06-12T07:31:47Z" duration-ms="85" status="PASS">
          <reporter-output>
          </reporter-output>
        </test-method> <!-- quitChromeDriver -->
        <test-method is-config="true" signature="quitChromeDriver()[pri:0, instance:webAutomation.portofolio.negative_case.Register@4816278d]" started-at="2022-06-12T07:31:50Z" name="quitChromeDriver" finished-at="2022-06-12T07:31:51Z" duration-ms="104" status="PASS">
          <reporter-output>
          </reporter-output>
        </test-method> <!-- quitChromeDriver -->
        <test-method is-config="true" signature="quitChromeDriver()[pri:0, instance:webAutomation.portofolio.negative_case.Register@4816278d]" started-at="2022-06-12T07:31:50Z" name="quitChromeDriver" finished-at="2022-06-12T07:31:51Z" duration-ms="96" status="PASS">
          <reporter-output>
          </reporter-output>
        </test-method> <!-- quitChromeDriver -->
      </class> <!-- webAutomation.portofolio.negative_case.Register -->
      <class name="webAutomation.portofolio.positive_case.AddAddress">
        <test-method is-config="true" signature="createChromeDriver()[pri:0, instance:webAutomation.portofolio.positive_case.AddAddress@2474f125]" started-at="2022-06-12T07:29:35Z" name="createChromeDriver" finished-at="2022-06-12T07:29:41Z" duration-ms="5568" status="PASS">
          <reporter-output>
          </reporter-output>
        </test-method> <!-- createChromeDriver -->
        <test-method signature="user_add_address()[pri:0, instance:webAutomation.portofolio.positive_case.AddAddress@2474f125]" started-at="2022-06-12T07:29:41Z" name="user_add_address" finished-at="2022-06-12T07:29:49Z" duration-ms="8559" status="PASS">
          <reporter-output>
          </reporter-output>
        </test-method> <!-- user_add_address -->
        <test-method is-config="true" signature="quitChromeDriver()[pri:0, instance:webAutomation.portofolio.positive_case.AddAddress@2474f125]" started-at="2022-06-12T07:29:49Z" name="quitChromeDriver" finished-at="2022-06-12T07:29:56Z" duration-ms="6858" status="PASS">
          <reporter-output>
          </reporter-output>
        </test-method> <!-- quitChromeDriver -->
      </class> <!-- webAutomation.portofolio.positive_case.AddAddress -->
    </test> <!-- Test -->
  </suite> <!-- Suite -->
</testng-results>
